[2023-10-24 15:54:59] local.ERROR: Command "ui" is not defined. {"exception":"[object] (Symfony\\Component\\Console\\Exception\\CommandNotFoundException(code: 0): Command \"ui\" is not defined. at C:\\wamp64\\www\\exam_laravel\\vendor\\symfony\\console\\Application.php:720)
[stacktrace]
#0 C:\\wamp64\\www\\exam_laravel\\vendor\\symfony\\console\\Application.php(259): Symfony\\Component\\Console\\Application->find('ui')
#1 C:\\wamp64\\www\\exam_laravel\\vendor\\symfony\\console\\Application.php(171): Symfony\\Component\\Console\\Application->doRun(Object(Symfony\\Component\\Console\\Input\\ArgvInput), Object(Symfony\\Component\\Console\\Output\\ConsoleOutput))
#2 C:\\wamp64\\www\\exam_laravel\\vendor\\laravel\\framework\\src\\Illuminate\\Console\\Application.php(94): Symfony\\Component\\Console\\Application->run(Object(Symfony\\Component\\Console\\Input\\ArgvInput), Object(Symfony\\Component\\Console\\Output\\ConsoleOutput))
#3 C:\\wamp64\\www\\exam_laravel\\vendor\\laravel\\framework\\src\\Illuminate\\Foundation\\Console\\Kernel.php(129): Illuminate\\Console\\Application->run(Object(Symfony\\Component\\Console\\Input\\ArgvInput), Object(Symfony\\Component\\Console\\Output\\ConsoleOutput))
#4 C:\\wamp64\\www\\exam_laravel\\artisan(37): Illuminate\\Foundation\\Console\\Kernel->handle(Object(Symfony\\Component\\Console\\Input\\ArgvInput), Object(Symfony\\Component\\Console\\Output\\ConsoleOutput))
#5 {main}
"} 
[2023-10-24 16:28:24] local.ERROR: Target class [Fruitcake\Cors\HandleCors] does not exist. {"exception":"[object] (Illuminate\\Contracts\\Container\\BindingResolutionException(code: 0): Target class [Fruitcake\\Cors\\HandleCors] does not exist. at C:\\wamp64\\www\\exam_laravel\\vendor\\laravel\\framework\\src\\Illuminate\\Container\\Container.php:879)
[stacktrace]
#0 C:\\wamp64\\www\\exam_laravel\\vendor\\laravel\\framework\\src\\Illuminate\\Container\\Container.php(758): Illuminate\\Container\\Container->build('Fruitcake\\\\Cors\\\\...')
#1 C:\\wamp64\\www\\exam_laravel\\vendor\\laravel\\framework\\src\\Illuminate\\Foundation\\Application.php(851): Illuminate\\Container\\Container->resolve('Fruitcake\\\\Cors\\\\...', Array, true)
#2 C:\\wamp64\\www\\exam_laravel\\vendor\\laravel\\framework\\src\\Illuminate\\Container\\Container.php(694): Illuminate\\Foundation\\Application->resolve('Fruitcake\\\\Cors\\\\...', Array)
#3 C:\\wamp64\\www\\exam_laravel\\vendor\\laravel\\framework\\src\\Illuminate\\Foundation\\Application.php(836): Illuminate\\Container\\Container->make('Fruitcake\\\\Cors\\\\...', Array)
#4 C:\\wamp64\\www\\exam_laravel\\vendor\\laravel\\framework\\src\\Illuminate\\Pipeline\\Pipeline.php(156): Illuminate\\Foundation\\Application->make('Fruitcake\\\\Cors\\\\...')
#5 C:\\wamp64\\www\\exam_laravel\\vendor\\laravel\\framework\\src\\Illuminate\\Http\\Middleware\\TrustProxies.php(39): Illuminate\\Pipeline\\Pipeline->Illuminate\\Pipeline\\{closure}(Object(Illuminate\\Http\\Request))
#6 C:\\wamp64\\www\\exam_laravel\\vendor\\laravel\\framework\\src\\Illuminate\\Pipeline\\Pipeline.php(167): Illuminate\\Http\\Middleware\\TrustProxies->handle(Object(Illuminate\\Http\\Request), Object(Closure))
#7 C:\\wamp64\\www\\exam_laravel\\vendor\\laravel\\framework\\src\\Illuminate\\Pipeline\\Pipeline.php(103): Illuminate\\Pipeline\\Pipeline->Illuminate\\Pipeline\\{closure}(Object(Illuminate\\Http\\Request))
#8 C:\\wamp64\\www\\exam_laravel\\vendor\\laravel\\framework\\src\\Illuminate\\Foundation\\Http\\Kernel.php(142): Illuminate\\Pipeline\\Pipeline->then(Object(Closure))
#9 C:\\wamp64\\www\\exam_laravel\\vendor\\laravel\\framework\\src\\Illuminate\\Foundation\\Http\\Kernel.php(111): Illuminate\\Foundation\\Http\\Kernel->sendRequestThroughRouter(Object(Illuminate\\Http\\Request))
#10 C:\\wamp64\\www\\exam_laravel\\public\\index.php(52): Illuminate\\Foundation\\Http\\Kernel->handle(Object(Illuminate\\Http\\Request))
#11 C:\\wamp64\\www\\exam_laravel\\server.php(21): require_once('C:\\\\wamp64\\\\www\\\\e...')
#12 {main}

[previous exception] [object] (ReflectionException(code: -1): Class Fruitcake\\Cors\\HandleCors does not exist at C:\\wamp64\\www\\exam_laravel\\vendor\\laravel\\framework\\src\\Illuminate\\Container\\Container.php:877)
[stacktrace]
#0 C:\\wamp64\\www\\exam_laravel\\vendor\\laravel\\framework\\src\\Illuminate\\Container\\Container.php(877): ReflectionClass->__construct('Fruitcake\\\\Cors\\\\...')
#1 C:\\wamp64\\www\\exam_laravel\\vendor\\laravel\\framework\\src\\Illuminate\\Container\\Container.php(758): Illuminate\\Container\\Container->build('Fruitcake\\\\Cors\\\\...')
#2 C:\\wamp64\\www\\exam_laravel\\vendor\\laravel\\framework\\src\\Illuminate\\Foundation\\Application.php(851): Illuminate\\Container\\Container->resolve('Fruitcake\\\\Cors\\\\...', Array, true)
#3 C:\\wamp64\\www\\exam_laravel\\vendor\\laravel\\framework\\src\\Illuminate\\Container\\Container.php(694): Illuminate\\Foundation\\Application->resolve('Fruitcake\\\\Cors\\\\...', Array)
#4 C:\\wamp64\\www\\exam_laravel\\vendor\\laravel\\framework\\src\\Illuminate\\Foundation\\Application.php(836): Illuminate\\Container\\Container->make('Fruitcake\\\\Cors\\\\...', Array)
#5 C:\\wamp64\\www\\exam_laravel\\vendor\\laravel\\framework\\src\\Illuminate\\Pipeline\\Pipeline.php(156): Illuminate\\Foundation\\Application->make('Fruitcake\\\\Cors\\\\...')
#6 C:\\wamp64\\www\\exam_laravel\\vendor\\laravel\\framework\\src\\Illuminate\\Http\\Middleware\\TrustProxies.php(39): Illuminate\\Pipeline\\Pipeline->Illuminate\\Pipeline\\{closure}(Object(Illuminate\\Http\\Request))
#7 C:\\wamp64\\www\\exam_laravel\\vendor\\laravel\\framework\\src\\Illuminate\\Pipeline\\Pipeline.php(167): Illuminate\\Http\\Middleware\\TrustProxies->handle(Object(Illuminate\\Http\\Request), Object(Closure))
#8 C:\\wamp64\\www\\exam_laravel\\vendor\\laravel\\framework\\src\\Illuminate\\Pipeline\\Pipeline.php(103): Illuminate\\Pipeline\\Pipeline->Illuminate\\Pipeline\\{closure}(Object(Illuminate\\Http\\Request))
#9 C:\\wamp64\\www\\exam_laravel\\vendor\\laravel\\framework\\src\\Illuminate\\Foundation\\Http\\Kernel.php(142): Illuminate\\Pipeline\\Pipeline->then(Object(Closure))
#10 C:\\wamp64\\www\\exam_laravel\\vendor\\laravel\\framework\\src\\Illuminate\\Foundation\\Http\\Kernel.php(111): Illuminate\\Foundation\\Http\\Kernel->sendRequestThroughRouter(Object(Illuminate\\Http\\Request))
#11 C:\\wamp64\\www\\exam_laravel\\public\\index.php(52): Illuminate\\Foundation\\Http\\Kernel->handle(Object(Illuminate\\Http\\Request))
#12 C:\\wamp64\\www\\exam_laravel\\server.php(21): require_once('C:\\\\wamp64\\\\www\\\\e...')
#13 {main}
"} 
[2023-10-24 16:28:25] local.ERROR: Target class [Fruitcake\Cors\HandleCors] does not exist. {"exception":"[object] (Illuminate\\Contracts\\Container\\BindingResolutionException(code: 0): Target class [Fruitcake\\Cors\\HandleCors] does not exist. at C:\\wamp64\\www\\exam_laravel\\vendor\\laravel\\framework\\src\\Illuminate\\Container\\Container.php:879)
[stacktrace]
#0 C:\\wamp64\\www\\exam_laravel\\vendor\\laravel\\framework\\src\\Illuminate\\Container\\Container.php(758): Illuminate\\Container\\Container->build('Fruitcake\\\\Cors\\\\...')
#1 C:\\wamp64\\www\\exam_laravel\\vendor\\laravel\\framework\\src\\Illuminate\\Foundation\\Application.php(851): Illuminate\\Container\\Container->resolve('Fruitcake\\\\Cors\\\\...', Array, true)
#2 C:\\wamp64\\www\\exam_laravel\\vendor\\laravel\\framework\\src\\Illuminate\\Container\\Container.php(694): Illuminate\\Foundation\\Application->resolve('Fruitcake\\\\Cors\\\\...', Array)
#3 C:\\wamp64\\www\\exam_laravel\\vendor\\laravel\\framework\\src\\Illuminate\\Foundation\\Application.php(836): Illuminate\\Container\\Container->make('Fruitcake\\\\Cors\\\\...', Array)
#4 C:\\wamp64\\www\\exam_laravel\\vendor\\laravel\\framework\\src\\Illuminate\\Foundation\\Http\\Kernel.php(206): Illuminate\\Foundation\\Application->make('Fruitcake\\\\Cors\\\\...')
#5 C:\\wamp64\\www\\exam_laravel\\vendor\\laravel\\framework\\src\\Illuminate\\Foundation\\Http\\Kernel.php(180): Illuminate\\Foundation\\Http\\Kernel->terminateMiddleware(Object(Illuminate\\Http\\Request), Object(Illuminate\\Http\\Response))
#6 C:\\wamp64\\www\\exam_laravel\\public\\index.php(55): Illuminate\\Foundation\\Http\\Kernel->terminate(Object(Illuminate\\Http\\Request), Object(Illuminate\\Http\\Response))
#7 C:\\wamp64\\www\\exam_laravel\\server.php(21): require_once('C:\\\\wamp64\\\\www\\\\e...')
#8 {main}

[previous exception] [object] (ReflectionException(code: -1): Class Fruitcake\\Cors\\HandleCors does not exist at C:\\wamp64\\www\\exam_laravel\\vendor\\laravel\\framework\\src\\Illuminate\\Container\\Container.php:877)
[stacktrace]
#0 C:\\wamp64\\www\\exam_laravel\\vendor\\laravel\\framework\\src\\Illuminate\\Container\\Container.php(877): ReflectionClass->__construct('Fruitcake\\\\Cors\\\\...')
#1 C:\\wamp64\\www\\exam_laravel\\vendor\\laravel\\framework\\src\\Illuminate\\Container\\Container.php(758): Illuminate\\Container\\Container->build('Fruitcake\\\\Cors\\\\...')
#2 C:\\wamp64\\www\\exam_laravel\\vendor\\laravel\\framework\\src\\Illuminate\\Foundation\\Application.php(851): Illuminate\\Container\\Container->resolve('Fruitcake\\\\Cors\\\\...', Array, true)
#3 C:\\wamp64\\www\\exam_laravel\\vendor\\laravel\\framework\\src\\Illuminate\\Container\\Container.php(694): Illuminate\\Foundation\\Application->resolve('Fruitcake\\\\Cors\\\\...', Array)
#4 C:\\wamp64\\www\\exam_laravel\\vendor\\laravel\\framework\\src\\Illuminate\\Foundation\\Application.php(836): Illuminate\\Container\\Container->make('Fruitcake\\\\Cors\\\\...', Array)
#5 C:\\wamp64\\www\\exam_laravel\\vendor\\laravel\\framework\\src\\Illuminate\\Foundation\\Http\\Kernel.php(206): Illuminate\\Foundation\\Application->make('Fruitcake\\\\Cors\\\\...')
#6 C:\\wamp64\\www\\exam_laravel\\vendor\\laravel\\framework\\src\\Illuminate\\Foundation\\Http\\Kernel.php(180): Illuminate\\Foundation\\Http\\Kernel->terminateMiddleware(Object(Illuminate\\Http\\Request), Object(Illuminate\\Http\\Response))
#7 C:\\wamp64\\www\\exam_laravel\\public\\index.php(55): Illuminate\\Foundation\\Http\\Kernel->terminate(Object(Illuminate\\Http\\Request), Object(Illuminate\\Http\\Response))
#8 C:\\wamp64\\www\\exam_laravel\\server.php(21): require_once('C:\\\\wamp64\\\\www\\\\e...')
#9 {main}
"} 
[2023-10-24 16:29:04] local.ERROR: Target class [Fruitcake\Cors\HandleCors] does not exist. {"exception":"[object] (Illuminate\\Contracts\\Container\\BindingResolutionException(code: 0): Target class [Fruitcake\\Cors\\HandleCors] does not exist. at C:\\wamp64\\www\\exam_laravel\\vendor\\laravel\\framework\\src\\Illuminate\\Container\\Container.php:879)
[stacktrace]
#0 C:\\wamp64\\www\\exam_laravel\\vendor\\laravel\\framework\\src\\Illuminate\\Container\\Container.php(758): Illuminate\\Container\\Container->build('Fruitcake\\\\Cors\\\\...')
#1 C:\\wamp64\\www\\exam_laravel\\vendor\\laravel\\framework\\src\\Illuminate\\Foundation\\Application.php(851): Illuminate\\Container\\Container->resolve('Fruitcake\\\\Cors\\\\...', Array, true)
#2 C:\\wamp64\\www\\exam_laravel\\vendor\\laravel\\framework\\src\\Illuminate\\Container\\Container.php(694): Illuminate\\Foundation\\Application->resolve('Fruitcake\\\\Cors\\\\...', Array)
#3 C:\\wamp64\\www\\exam_laravel\\vendor\\laravel\\framework\\src\\Illuminate\\Foundation\\Application.php(836): Illuminate\\Container\\Container->make('Fruitcake\\\\Cors\\\\...', Array)
#4 C:\\wamp64\\www\\exam_laravel\\vendor\\laravel\\framework\\src\\Illuminate\\Pipeline\\Pipeline.php(156): Illuminate\\Foundation\\Application->make('Fruitcake\\\\Cors\\\\...')
#5 C:\\wamp64\\www\\exam_laravel\\vendor\\laravel\\framework\\src\\Illuminate\\Http\\Middleware\\TrustProxies.php(39): Illuminate\\Pipeline\\Pipeline->Illuminate\\Pipeline\\{closure}(Object(Illuminate\\Http\\Request))
#6 C:\\wamp64\\www\\exam_laravel\\vendor\\laravel\\framework\\src\\Illuminate\\Pipeline\\Pipeline.php(167): Illuminate\\Http\\Middleware\\TrustProxies->handle(Object(Illuminate\\Http\\Request), Object(Closure))
#7 C:\\wamp64\\www\\exam_laravel\\vendor\\laravel\\framework\\src\\Illuminate\\Pipeline\\Pipeline.php(103): Illuminate\\Pipeline\\Pipeline->Illuminate\\Pipeline\\{closure}(Object(Illuminate\\Http\\Request))
#8 C:\\wamp64\\www\\exam_laravel\\vendor\\laravel\\framework\\src\\Illuminate\\Foundation\\Http\\Kernel.php(142): Illuminate\\Pipeline\\Pipeline->then(Object(Closure))
#9 C:\\wamp64\\www\\exam_laravel\\vendor\\laravel\\framework\\src\\Illuminate\\Foundation\\Http\\Kernel.php(111): Illuminate\\Foundation\\Http\\Kernel->sendRequestThroughRouter(Object(Illuminate\\Http\\Request))
#10 C:\\wamp64\\www\\exam_laravel\\public\\index.php(52): Illuminate\\Foundation\\Http\\Kernel->handle(Object(Illuminate\\Http\\Request))
#11 C:\\wamp64\\www\\exam_laravel\\server.php(21): require_once('C:\\\\wamp64\\\\www\\\\e...')
#12 {main}

[previous exception] [object] (ReflectionException(code: -1): Class Fruitcake\\Cors\\HandleCors does not exist at C:\\wamp64\\www\\exam_laravel\\vendor\\laravel\\framework\\src\\Illuminate\\Container\\Container.php:877)
[stacktrace]
#0 C:\\wamp64\\www\\exam_laravel\\vendor\\laravel\\framework\\src\\Illuminate\\Container\\Container.php(877): ReflectionClass->__construct('Fruitcake\\\\Cors\\\\...')
#1 C:\\wamp64\\www\\exam_laravel\\vendor\\laravel\\framework\\src\\Illuminate\\Container\\Container.php(758): Illuminate\\Container\\Container->build('Fruitcake\\\\Cors\\\\...')
#2 C:\\wamp64\\www\\exam_laravel\\vendor\\laravel\\framework\\src\\Illuminate\\Foundation\\Application.php(851): Illuminate\\Container\\Container->resolve('Fruitcake\\\\Cors\\\\...', Array, true)
#3 C:\\wamp64\\www\\exam_laravel\\vendor\\laravel\\framework\\src\\Illuminate\\Container\\Container.php(694): Illuminate\\Foundation\\Application->resolve('Fruitcake\\\\Cors\\\\...', Array)
#4 C:\\wamp64\\www\\exam_laravel\\vendor\\laravel\\framework\\src\\Illuminate\\Foundation\\Application.php(836): Illuminate\\Container\\Container->make('Fruitcake\\\\Cors\\\\...', Array)
#5 C:\\wamp64\\www\\exam_laravel\\vendor\\laravel\\framework\\src\\Illuminate\\Pipeline\\Pipeline.php(156): Illuminate\\Foundation\\Application->make('Fruitcake\\\\Cors\\\\...')
#6 C:\\wamp64\\www\\exam_laravel\\vendor\\laravel\\framework\\src\\Illuminate\\Http\\Middleware\\TrustProxies.php(39): Illuminate\\Pipeline\\Pipeline->Illuminate\\Pipeline\\{closure}(Object(Illuminate\\Http\\Request))
#7 C:\\wamp64\\www\\exam_laravel\\vendor\\laravel\\framework\\src\\Illuminate\\Pipeline\\Pipeline.php(167): Illuminate\\Http\\Middleware\\TrustProxies->handle(Object(Illuminate\\Http\\Request), Object(Closure))
#8 C:\\wamp64\\www\\exam_laravel\\vendor\\laravel\\framework\\src\\Illuminate\\Pipeline\\Pipeline.php(103): Illuminate\\Pipeline\\Pipeline->Illuminate\\Pipeline\\{closure}(Object(Illuminate\\Http\\Request))
#9 C:\\wamp64\\www\\exam_laravel\\vendor\\laravel\\framework\\src\\Illuminate\\Foundation\\Http\\Kernel.php(142): Illuminate\\Pipeline\\Pipeline->then(Object(Closure))
#10 C:\\wamp64\\www\\exam_laravel\\vendor\\laravel\\framework\\src\\Illuminate\\Foundation\\Http\\Kernel.php(111): Illuminate\\Foundation\\Http\\Kernel->sendRequestThroughRouter(Object(Illuminate\\Http\\Request))
#11 C:\\wamp64\\www\\exam_laravel\\public\\index.php(52): Illuminate\\Foundation\\Http\\Kernel->handle(Object(Illuminate\\Http\\Request))
#12 C:\\wamp64\\www\\exam_laravel\\server.php(21): require_once('C:\\\\wamp64\\\\www\\\\e...')
#13 {main}
"} 
[2023-10-24 16:29:04] local.ERROR: Target class [Fruitcake\Cors\HandleCors] does not exist. {"exception":"[object] (Illuminate\\Contracts\\Container\\BindingResolutionException(code: 0): Target class [Fruitcake\\Cors\\HandleCors] does not exist. at C:\\wamp64\\www\\exam_laravel\\vendor\\laravel\\framework\\src\\Illuminate\\Container\\Container.php:879)
[stacktrace]
#0 C:\\wamp64\\www\\exam_laravel\\vendor\\laravel\\framework\\src\\Illuminate\\Container\\Container.php(758): Illuminate\\Container\\Container->build('Fruitcake\\\\Cors\\\\...')
#1 C:\\wamp64\\www\\exam_laravel\\vendor\\laravel\\framework\\src\\Illuminate\\Foundation\\Application.php(851): Illuminate\\Container\\Container->resolve('Fruitcake\\\\Cors\\\\...', Array, true)
#2 C:\\wamp64\\www\\exam_laravel\\vendor\\laravel\\framework\\src\\Illuminate\\Container\\Container.php(694): Illuminate\\Foundation\\Application->resolve('Fruitcake\\\\Cors\\\\...', Array)
#3 C:\\wamp64\\www\\exam_laravel\\vendor\\laravel\\framework\\src\\Illuminate\\Foundation\\Application.php(836): Illuminate\\Container\\Container->make('Fruitcake\\\\Cors\\\\...', Array)
#4 C:\\wamp64\\www\\exam_laravel\\vendor\\laravel\\framework\\src\\Illuminate\\Foundation\\Http\\Kernel.php(206): Illuminate\\Foundation\\Application->make('Fruitcake\\\\Cors\\\\...')
#5 C:\\wamp64\\www\\exam_laravel\\vendor\\laravel\\framework\\src\\Illuminate\\Foundation\\Http\\Kernel.php(180): Illuminate\\Foundation\\Http\\Kernel->terminateMiddleware(Object(Illuminate\\Http\\Request), Object(Illuminate\\Http\\Response))
#6 C:\\wamp64\\www\\exam_laravel\\public\\index.php(55): Illuminate\\Foundation\\Http\\Kernel->terminate(Object(Illuminate\\Http\\Request), Object(Illuminate\\Http\\Response))
#7 C:\\wamp64\\www\\exam_laravel\\server.php(21): require_once('C:\\\\wamp64\\\\www\\\\e...')
#8 {main}

[previous exception] [object] (ReflectionException(code: -1): Class Fruitcake\\Cors\\HandleCors does not exist at C:\\wamp64\\www\\exam_laravel\\vendor\\laravel\\framework\\src\\Illuminate\\Container\\Container.php:877)
[stacktrace]
#0 C:\\wamp64\\www\\exam_laravel\\vendor\\laravel\\framework\\src\\Illuminate\\Container\\Container.php(877): ReflectionClass->__construct('Fruitcake\\\\Cors\\\\...')
#1 C:\\wamp64\\www\\exam_laravel\\vendor\\laravel\\framework\\src\\Illuminate\\Container\\Container.php(758): Illuminate\\Container\\Container->build('Fruitcake\\\\Cors\\\\...')
#2 C:\\wamp64\\www\\exam_laravel\\vendor\\laravel\\framework\\src\\Illuminate\\Foundation\\Application.php(851): Illuminate\\Container\\Container->resolve('Fruitcake\\\\Cors\\\\...', Array, true)
#3 C:\\wamp64\\www\\exam_laravel\\vendor\\laravel\\framework\\src\\Illuminate\\Container\\Container.php(694): Illuminate\\Foundation\\Application->resolve('Fruitcake\\\\Cors\\\\...', Array)
#4 C:\\wamp64\\www\\exam_laravel\\vendor\\laravel\\framework\\src\\Illuminate\\Foundation\\Application.php(836): Illuminate\\Container\\Container->make('Fruitcake\\\\Cors\\\\...', Array)
#5 C:\\wamp64\\www\\exam_laravel\\vendor\\laravel\\framework\\src\\Illuminate\\Foundation\\Http\\Kernel.php(206): Illuminate\\Foundation\\Application->make('Fruitcake\\\\Cors\\\\...')
#6 C:\\wamp64\\www\\exam_laravel\\vendor\\laravel\\framework\\src\\Illuminate\\Foundation\\Http\\Kernel.php(180): Illuminate\\Foundation\\Http\\Kernel->terminateMiddleware(Object(Illuminate\\Http\\Request), Object(Illuminate\\Http\\Response))
#7 C:\\wamp64\\www\\exam_laravel\\public\\index.php(55): Illuminate\\Foundation\\Http\\Kernel->terminate(Object(Illuminate\\Http\\Request), Object(Illuminate\\Http\\Response))
#8 C:\\wamp64\\www\\exam_laravel\\server.php(21): require_once('C:\\\\wamp64\\\\www\\\\e...')
#9 {main}
"} 
[2023-10-24 16:29:35] local.ERROR: Target class [Fruitcake\Cors\HandleCors] does not exist. {"exception":"[object] (Illuminate\\Contracts\\Container\\BindingResolutionException(code: 0): Target class [Fruitcake\\Cors\\HandleCors] does not exist. at C:\\wamp64\\www\\exam_laravel\\vendor\\laravel\\framework\\src\\Illuminate\\Container\\Container.php:879)
[stacktrace]
#0 C:\\wamp64\\www\\exam_laravel\\vendor\\laravel\\framework\\src\\Illuminate\\Container\\Container.php(758): Illuminate\\Container\\Container->build('Fruitcake\\\\Cors\\\\...')
#1 C:\\wamp64\\www\\exam_laravel\\vendor\\laravel\\framework\\src\\Illuminate\\Foundation\\Application.php(851): Illuminate\\Container\\Container->resolve('Fruitcake\\\\Cors\\\\...', Array, true)
#2 C:\\wamp64\\www\\exam_laravel\\vendor\\laravel\\framework\\src\\Illuminate\\Container\\Container.php(694): Illuminate\\Foundation\\Application->resolve('Fruitcake\\\\Cors\\\\...', Array)
#3 C:\\wamp64\\www\\exam_laravel\\vendor\\laravel\\framework\\src\\Illuminate\\Foundation\\Application.php(836): Illuminate\\Container\\Container->make('Fruitcake\\\\Cors\\\\...', Array)
#4 C:\\wamp64\\www\\exam_laravel\\vendor\\laravel\\framework\\src\\Illuminate\\Pipeline\\Pipeline.php(156): Illuminate\\Foundation\\Application->make('Fruitcake\\\\Cors\\\\...')
#5 C:\\wamp64\\www\\exam_laravel\\vendor\\laravel\\framework\\src\\Illuminate\\Http\\Middleware\\TrustProxies.php(39): Illuminate\\Pipeline\\Pipeline->Illuminate\\Pipeline\\{closure}(Object(Illuminate\\Http\\Request))
#6 C:\\wamp64\\www\\exam_laravel\\vendor\\laravel\\framework\\src\\Illuminate\\Pipeline\\Pipeline.php(167): Illuminate\\Http\\Middleware\\TrustProxies->handle(Object(Illuminate\\Http\\Request), Object(Closure))
#7 C:\\wamp64\\www\\exam_laravel\\vendor\\laravel\\framework\\src\\Illuminate\\Pipeline\\Pipeline.php(103): Illuminate\\Pipeline\\Pipeline->Illuminate\\Pipeline\\{closure}(Object(Illuminate\\Http\\Request))
#8 C:\\wamp64\\www\\exam_laravel\\vendor\\laravel\\framework\\src\\Illuminate\\Foundation\\Http\\Kernel.php(142): Illuminate\\Pipeline\\Pipeline->then(Object(Closure))
#9 C:\\wamp64\\www\\exam_laravel\\vendor\\laravel\\framework\\src\\Illuminate\\Foundation\\Http\\Kernel.php(111): Illuminate\\Foundation\\Http\\Kernel->sendRequestThroughRouter(Object(Illuminate\\Http\\Request))
#10 C:\\wamp64\\www\\exam_laravel\\public\\index.php(52): Illuminate\\Foundation\\Http\\Kernel->handle(Object(Illuminate\\Http\\Request))
#11 C:\\wamp64\\www\\exam_laravel\\server.php(21): require_once('C:\\\\wamp64\\\\www\\\\e...')
#12 {main}

[previous exception] [object] (ReflectionException(code: -1): Class Fruitcake\\Cors\\HandleCors does not exist at C:\\wamp64\\www\\exam_laravel\\vendor\\laravel\\framework\\src\\Illuminate\\Container\\Container.php:877)
[stacktrace]
#0 C:\\wamp64\\www\\exam_laravel\\vendor\\laravel\\framework\\src\\Illuminate\\Container\\Container.php(877): ReflectionClass->__construct('Fruitcake\\\\Cors\\\\...')
#1 C:\\wamp64\\www\\exam_laravel\\vendor\\laravel\\framework\\src\\Illuminate\\Container\\Container.php(758): Illuminate\\Container\\Container->build('Fruitcake\\\\Cors\\\\...')
#2 C:\\wamp64\\www\\exam_laravel\\vendor\\laravel\\framework\\src\\Illuminate\\Foundation\\Application.php(851): Illuminate\\Container\\Container->resolve('Fruitcake\\\\Cors\\\\...', Array, true)
#3 C:\\wamp64\\www\\exam_laravel\\vendor\\laravel\\framework\\src\\Illuminate\\Container\\Container.php(694): Illuminate\\Foundation\\Application->resolve('Fruitcake\\\\Cors\\\\...', Array)
#4 C:\\wamp64\\www\\exam_laravel\\vendor\\laravel\\framework\\src\\Illuminate\\Foundation\\Application.php(836): Illuminate\\Container\\Container->make('Fruitcake\\\\Cors\\\\...', Array)
#5 C:\\wamp64\\www\\exam_laravel\\vendor\\laravel\\framework\\src\\Illuminate\\Pipeline\\Pipeline.php(156): Illuminate\\Foundation\\Application->make('Fruitcake\\\\Cors\\\\...')
#6 C:\\wamp64\\www\\exam_laravel\\vendor\\laravel\\framework\\src\\Illuminate\\Http\\Middleware\\TrustProxies.php(39): Illuminate\\Pipeline\\Pipeline->Illuminate\\Pipeline\\{closure}(Object(Illuminate\\Http\\Request))
#7 C:\\wamp64\\www\\exam_laravel\\vendor\\laravel\\framework\\src\\Illuminate\\Pipeline\\Pipeline.php(167): Illuminate\\Http\\Middleware\\TrustProxies->handle(Object(Illuminate\\Http\\Request), Object(Closure))
#8 C:\\wamp64\\www\\exam_laravel\\vendor\\laravel\\framework\\src\\Illuminate\\Pipeline\\Pipeline.php(103): Illuminate\\Pipeline\\Pipeline->Illuminate\\Pipeline\\{closure}(Object(Illuminate\\Http\\Request))
#9 C:\\wamp64\\www\\exam_laravel\\vendor\\laravel\\framework\\src\\Illuminate\\Foundation\\Http\\Kernel.php(142): Illuminate\\Pipeline\\Pipeline->then(Object(Closure))
#10 C:\\wamp64\\www\\exam_laravel\\vendor\\laravel\\framework\\src\\Illuminate\\Foundation\\Http\\Kernel.php(111): Illuminate\\Foundation\\Http\\Kernel->sendRequestThroughRouter(Object(Illuminate\\Http\\Request))
#11 C:\\wamp64\\www\\exam_laravel\\public\\index.php(52): Illuminate\\Foundation\\Http\\Kernel->handle(Object(Illuminate\\Http\\Request))
#12 C:\\wamp64\\www\\exam_laravel\\server.php(21): require_once('C:\\\\wamp64\\\\www\\\\e...')
#13 {main}
"} 
[2023-10-24 16:29:35] local.ERROR: Target class [Fruitcake\Cors\HandleCors] does not exist. {"exception":"[object] (Illuminate\\Contracts\\Container\\BindingResolutionException(code: 0): Target class [Fruitcake\\Cors\\HandleCors] does not exist. at C:\\wamp64\\www\\exam_laravel\\vendor\\laravel\\framework\\src\\Illuminate\\Container\\Container.php:879)
[stacktrace]
#0 C:\\wamp64\\www\\exam_laravel\\vendor\\laravel\\framework\\src\\Illuminate\\Container\\Container.php(758): Illuminate\\Container\\Container->build('Fruitcake\\\\Cors\\\\...')
#1 C:\\wamp64\\www\\exam_laravel\\vendor\\laravel\\framework\\src\\Illuminate\\Foundation\\Application.php(851): Illuminate\\Container\\Container->resolve('Fruitcake\\\\Cors\\\\...', Array, true)
#2 C:\\wamp64\\www\\exam_laravel\\vendor\\laravel\\framework\\src\\Illuminate\\Container\\Container.php(694): Illuminate\\Foundation\\Application->resolve('Fruitcake\\\\Cors\\\\...', Array)
#3 C:\\wamp64\\www\\exam_laravel\\vendor\\laravel\\framework\\src\\Illuminate\\Foundation\\Application.php(836): Illuminate\\Container\\Container->make('Fruitcake\\\\Cors\\\\...', Array)
#4 C:\\wamp64\\www\\exam_laravel\\vendor\\laravel\\framework\\src\\Illuminate\\Foundation\\Http\\Kernel.php(206): Illuminate\\Foundation\\Application->make('Fruitcake\\\\Cors\\\\...')
#5 C:\\wamp64\\www\\exam_laravel\\vendor\\laravel\\framework\\src\\Illuminate\\Foundation\\Http\\Kernel.php(180): Illuminate\\Foundation\\Http\\Kernel->terminateMiddleware(Object(Illuminate\\Http\\Request), Object(Illuminate\\Http\\Response))
#6 C:\\wamp64\\www\\exam_laravel\\public\\index.php(55): Illuminate\\Foundation\\Http\\Kernel->terminate(Object(Illuminate\\Http\\Request), Object(Illuminate\\Http\\Response))
#7 C:\\wamp64\\www\\exam_laravel\\server.php(21): require_once('C:\\\\wamp64\\\\www\\\\e...')
#8 {main}

[previous exception] [object] (ReflectionException(code: -1): Class Fruitcake\\Cors\\HandleCors does not exist at C:\\wamp64\\www\\exam_laravel\\vendor\\laravel\\framework\\src\\Illuminate\\Container\\Container.php:877)
[stacktrace]
#0 C:\\wamp64\\www\\exam_laravel\\vendor\\laravel\\framework\\src\\Illuminate\\Container\\Container.php(877): ReflectionClass->__construct('Fruitcake\\\\Cors\\\\...')
#1 C:\\wamp64\\www\\exam_laravel\\vendor\\laravel\\framework\\src\\Illuminate\\Container\\Container.php(758): Illuminate\\Container\\Container->build('Fruitcake\\\\Cors\\\\...')
#2 C:\\wamp64\\www\\exam_laravel\\vendor\\laravel\\framework\\src\\Illuminate\\Foundation\\Application.php(851): Illuminate\\Container\\Container->resolve('Fruitcake\\\\Cors\\\\...', Array, true)
#3 C:\\wamp64\\www\\exam_laravel\\vendor\\laravel\\framework\\src\\Illuminate\\Container\\Container.php(694): Illuminate\\Foundation\\Application->resolve('Fruitcake\\\\Cors\\\\...', Array)
#4 C:\\wamp64\\www\\exam_laravel\\vendor\\laravel\\framework\\src\\Illuminate\\Foundation\\Application.php(836): Illuminate\\Container\\Container->make('Fruitcake\\\\Cors\\\\...', Array)
#5 C:\\wamp64\\www\\exam_laravel\\vendor\\laravel\\framework\\src\\Illuminate\\Foundation\\Http\\Kernel.php(206): Illuminate\\Foundation\\Application->make('Fruitcake\\\\Cors\\\\...')
#6 C:\\wamp64\\www\\exam_laravel\\vendor\\laravel\\framework\\src\\Illuminate\\Foundation\\Http\\Kernel.php(180): Illuminate\\Foundation\\Http\\Kernel->terminateMiddleware(Object(Illuminate\\Http\\Request), Object(Illuminate\\Http\\Response))
#7 C:\\wamp64\\www\\exam_laravel\\public\\index.php(55): Illuminate\\Foundation\\Http\\Kernel->terminate(Object(Illuminate\\Http\\Request), Object(Illuminate\\Http\\Response))
#8 C:\\wamp64\\www\\exam_laravel\\server.php(21): require_once('C:\\\\wamp64\\\\www\\\\e...')
#9 {main}
"} 
[2023-10-24 16:29:38] local.ERROR: Target class [Fruitcake\Cors\HandleCors] does not exist. {"exception":"[object] (Illuminate\\Contracts\\Container\\BindingResolutionException(code: 0): Target class [Fruitcake\\Cors\\HandleCors] does not exist. at C:\\wamp64\\www\\exam_laravel\\vendor\\laravel\\framework\\src\\Illuminate\\Container\\Container.php:879)
[stacktrace]
#0 C:\\wamp64\\www\\exam_laravel\\vendor\\laravel\\framework\\src\\Illuminate\\Container\\Container.php(758): Illuminate\\Container\\Container->build('Fruitcake\\\\Cors\\\\...')
#1 C:\\wamp64\\www\\exam_laravel\\vendor\\laravel\\framework\\src\\Illuminate\\Foundation\\Application.php(851): Illuminate\\Container\\Container->resolve('Fruitcake\\\\Cors\\\\...', Array, true)
#2 C:\\wamp64\\www\\exam_laravel\\vendor\\laravel\\framework\\src\\Illuminate\\Container\\Container.php(694): Illuminate\\Foundation\\Application->resolve('Fruitcake\\\\Cors\\\\...', Array)
#3 C:\\wamp64\\www\\exam_laravel\\vendor\\laravel\\framework\\src\\Illuminate\\Foundation\\Application.php(836): Illuminate\\Container\\Container->make('Fruitcake\\\\Cors\\\\...', Array)
#4 C:\\wamp64\\www\\exam_laravel\\vendor\\laravel\\framework\\src\\Illuminate\\Pipeline\\Pipeline.php(156): Illuminate\\Foundation\\Application->make('Fruitcake\\\\Cors\\\\...')
#5 C:\\wamp64\\www\\exam_laravel\\vendor\\laravel\\framework\\src\\Illuminate\\Http\\Middleware\\TrustProxies.php(39): Illuminate\\Pipeline\\Pipeline->Illuminate\\Pipeline\\{closure}(Object(Illuminate\\Http\\Request))
#6 C:\\wamp64\\www\\exam_laravel\\vendor\\laravel\\framework\\src\\Illuminate\\Pipeline\\Pipeline.php(167): Illuminate\\Http\\Middleware\\TrustProxies->handle(Object(Illuminate\\Http\\Request), Object(Closure))
#7 C:\\wamp64\\www\\exam_laravel\\vendor\\laravel\\framework\\src\\Illuminate\\Pipeline\\Pipeline.php(103): Illuminate\\Pipeline\\Pipeline->Illuminate\\Pipeline\\{closure}(Object(Illuminate\\Http\\Request))
#8 C:\\wamp64\\www\\exam_laravel\\vendor\\laravel\\framework\\src\\Illuminate\\Foundation\\Http\\Kernel.php(142): Illuminate\\Pipeline\\Pipeline->then(Object(Closure))
#9 C:\\wamp64\\www\\exam_laravel\\vendor\\laravel\\framework\\src\\Illuminate\\Foundation\\Http\\Kernel.php(111): Illuminate\\Foundation\\Http\\Kernel->sendRequestThroughRouter(Object(Illuminate\\Http\\Request))
#10 C:\\wamp64\\www\\exam_laravel\\public\\index.php(52): Illuminate\\Foundation\\Http\\Kernel->handle(Object(Illuminate\\Http\\Request))
#11 C:\\wamp64\\www\\exam_laravel\\server.php(21): require_once('C:\\\\wamp64\\\\www\\\\e...')
#12 {main}

[previous exception] [object] (ReflectionException(code: -1): Class Fruitcake\\Cors\\HandleCors does not exist at C:\\wamp64\\www\\exam_laravel\\vendor\\laravel\\framework\\src\\Illuminate\\Container\\Container.php:877)
[stacktrace]
#0 C:\\wamp64\\www\\exam_laravel\\vendor\\laravel\\framework\\src\\Illuminate\\Container\\Container.php(877): ReflectionClass->__construct('Fruitcake\\\\Cors\\\\...')
#1 C:\\wamp64\\www\\exam_laravel\\vendor\\laravel\\framework\\src\\Illuminate\\Container\\Container.php(758): Illuminate\\Container\\Container->build('Fruitcake\\\\Cors\\\\...')
#2 C:\\wamp64\\www\\exam_laravel\\vendor\\laravel\\framework\\src\\Illuminate\\Foundation\\Application.php(851): Illuminate\\Container\\Container->resolve('Fruitcake\\\\Cors\\\\...', Array, true)
#3 C:\\wamp64\\www\\exam_laravel\\vendor\\laravel\\framework\\src\\Illuminate\\Container\\Container.php(694): Illuminate\\Foundation\\Application->resolve('Fruitcake\\\\Cors\\\\...', Array)
#4 C:\\wamp64\\www\\exam_laravel\\vendor\\laravel\\framework\\src\\Illuminate\\Foundation\\Application.php(836): Illuminate\\Container\\Container->make('Fruitcake\\\\Cors\\\\...', Array)
#5 C:\\wamp64\\www\\exam_laravel\\vendor\\laravel\\framework\\src\\Illuminate\\Pipeline\\Pipeline.php(156): Illuminate\\Foundation\\Application->make('Fruitcake\\\\Cors\\\\...')
#6 C:\\wamp64\\www\\exam_laravel\\vendor\\laravel\\framework\\src\\Illuminate\\Http\\Middleware\\TrustProxies.php(39): Illuminate\\Pipeline\\Pipeline->Illuminate\\Pipeline\\{closure}(Object(Illuminate\\Http\\Request))
#7 C:\\wamp64\\www\\exam_laravel\\vendor\\laravel\\framework\\src\\Illuminate\\Pipeline\\Pipeline.php(167): Illuminate\\Http\\Middleware\\TrustProxies->handle(Object(Illuminate\\Http\\Request), Object(Closure))
#8 C:\\wamp64\\www\\exam_laravel\\vendor\\laravel\\framework\\src\\Illuminate\\Pipeline\\Pipeline.php(103): Illuminate\\Pipeline\\Pipeline->Illuminate\\Pipeline\\{closure}(Object(Illuminate\\Http\\Request))
#9 C:\\wamp64\\www\\exam_laravel\\vendor\\laravel\\framework\\src\\Illuminate\\Foundation\\Http\\Kernel.php(142): Illuminate\\Pipeline\\Pipeline->then(Object(Closure))
#10 C:\\wamp64\\www\\exam_laravel\\vendor\\laravel\\framework\\src\\Illuminate\\Foundation\\Http\\Kernel.php(111): Illuminate\\Foundation\\Http\\Kernel->sendRequestThroughRouter(Object(Illuminate\\Http\\Request))
#11 C:\\wamp64\\www\\exam_laravel\\public\\index.php(52): Illuminate\\Foundation\\Http\\Kernel->handle(Object(Illuminate\\Http\\Request))
#12 C:\\wamp64\\www\\exam_laravel\\server.php(21): require_once('C:\\\\wamp64\\\\www\\\\e...')
#13 {main}
"} 
[2023-10-24 16:29:38] local.ERROR: Target class [Fruitcake\Cors\HandleCors] does not exist. {"exception":"[object] (Illuminate\\Contracts\\Container\\BindingResolutionException(code: 0): Target class [Fruitcake\\Cors\\HandleCors] does not exist. at C:\\wamp64\\www\\exam_laravel\\vendor\\laravel\\framework\\src\\Illuminate\\Container\\Container.php:879)
[stacktrace]
#0 C:\\wamp64\\www\\exam_laravel\\vendor\\laravel\\framework\\src\\Illuminate\\Container\\Container.php(758): Illuminate\\Container\\Container->build('Fruitcake\\\\Cors\\\\...')
#1 C:\\wamp64\\www\\exam_laravel\\vendor\\laravel\\framework\\src\\Illuminate\\Foundation\\Application.php(851): Illuminate\\Container\\Container->resolve('Fruitcake\\\\Cors\\\\...', Array, true)
#2 C:\\wamp64\\www\\exam_laravel\\vendor\\laravel\\framework\\src\\Illuminate\\Container\\Container.php(694): Illuminate\\Foundation\\Application->resolve('Fruitcake\\\\Cors\\\\...', Array)
#3 C:\\wamp64\\www\\exam_laravel\\vendor\\laravel\\framework\\src\\Illuminate\\Foundation\\Application.php(836): Illuminate\\Container\\Container->make('Fruitcake\\\\Cors\\\\...', Array)
#4 C:\\wamp64\\www\\exam_laravel\\vendor\\laravel\\framework\\src\\Illuminate\\Foundation\\Http\\Kernel.php(206): Illuminate\\Foundation\\Application->make('Fruitcake\\\\Cors\\\\...')
#5 C:\\wamp64\\www\\exam_laravel\\vendor\\laravel\\framework\\src\\Illuminate\\Foundation\\Http\\Kernel.php(180): Illuminate\\Foundation\\Http\\Kernel->terminateMiddleware(Object(Illuminate\\Http\\Request), Object(Illuminate\\Http\\Response))
#6 C:\\wamp64\\www\\exam_laravel\\public\\index.php(55): Illuminate\\Foundation\\Http\\Kernel->terminate(Object(Illuminate\\Http\\Request), Object(Illuminate\\Http\\Response))
#7 C:\\wamp64\\www\\exam_laravel\\server.php(21): require_once('C:\\\\wamp64\\\\www\\\\e...')
#8 {main}

[previous exception] [object] (ReflectionException(code: -1): Class Fruitcake\\Cors\\HandleCors does not exist at C:\\wamp64\\www\\exam_laravel\\vendor\\laravel\\framework\\src\\Illuminate\\Container\\Container.php:877)
[stacktrace]
#0 C:\\wamp64\\www\\exam_laravel\\vendor\\laravel\\framework\\src\\Illuminate\\Container\\Container.php(877): ReflectionClass->__construct('Fruitcake\\\\Cors\\\\...')
#1 C:\\wamp64\\www\\exam_laravel\\vendor\\laravel\\framework\\src\\Illuminate\\Container\\Container.php(758): Illuminate\\Container\\Container->build('Fruitcake\\\\Cors\\\\...')
#2 C:\\wamp64\\www\\exam_laravel\\vendor\\laravel\\framework\\src\\Illuminate\\Foundation\\Application.php(851): Illuminate\\Container\\Container->resolve('Fruitcake\\\\Cors\\\\...', Array, true)
#3 C:\\wamp64\\www\\exam_laravel\\vendor\\laravel\\framework\\src\\Illuminate\\Container\\Container.php(694): Illuminate\\Foundation\\Application->resolve('Fruitcake\\\\Cors\\\\...', Array)
#4 C:\\wamp64\\www\\exam_laravel\\vendor\\laravel\\framework\\src\\Illuminate\\Foundation\\Application.php(836): Illuminate\\Container\\Container->make('Fruitcake\\\\Cors\\\\...', Array)
#5 C:\\wamp64\\www\\exam_laravel\\vendor\\laravel\\framework\\src\\Illuminate\\Foundation\\Http\\Kernel.php(206): Illuminate\\Foundation\\Application->make('Fruitcake\\\\Cors\\\\...')
#6 C:\\wamp64\\www\\exam_laravel\\vendor\\laravel\\framework\\src\\Illuminate\\Foundation\\Http\\Kernel.php(180): Illuminate\\Foundation\\Http\\Kernel->terminateMiddleware(Object(Illuminate\\Http\\Request), Object(Illuminate\\Http\\Response))
#7 C:\\wamp64\\www\\exam_laravel\\public\\index.php(55): Illuminate\\Foundation\\Http\\Kernel->terminate(Object(Illuminate\\Http\\Request), Object(Illuminate\\Http\\Response))
#8 C:\\wamp64\\www\\exam_laravel\\server.php(21): require_once('C:\\\\wamp64\\\\www\\\\e...')
#9 {main}
"} 
